<?xml version="1.0" encoding="UTF-8"?>
<testng-results skipped="0" failed="0" ignored="0" total="1" passed="1">
  <reporter-output>
  </reporter-output>
  <suite name="Default suite" duration-ms="20463" started-at="2019-03-12T07:40:51Z" finished-at="2019-03-12T07:41:11Z">
    <groups>
    </groups>
    <test name="Default test" duration-ms="20463" started-at="2019-03-12T07:40:51Z" finished-at="2019-03-12T07:41:11Z">
      <class name="AutomationTest.TestNG">
        <test-method status="PASS" signature="verifyHomepageTitle()[pri:0, instance:AutomationTest.TestNG@643b1d11]" name="verifyHomepageTitle" duration-ms="20441" started-at="2019-03-12T07:40:51Z" finished-at="2019-03-12T07:41:11Z">
          <reporter-output>
          </reporter-output>
        </test-method> <!-- verifyHomepageTitle -->
      </class> <!-- AutomationTest.TestNG -->
    </test> <!-- Default test -->
  </suite> <!-- Default suite -->
</testng-results>
